1611377462460	geckodriver	INFO	Listening on 127.0.0.1:64308
1611377465545	mozrunner::runner	INFO	Running command: "C:\\Program Files\\Mozilla Firefox\\firefox.exe" "--marionette" "-foreground" "-no-remote" "-profile" "C:\\WINDOWS\\TEMP\\rust_mozprofilepWFPyw"
Can't find symbol 'eglSwapBuffersWithDamageEXT'.
Can't find symbol 'eglSetDamageRegionKHR'.
console.warn: SearchSettings: "get: No settings file exists, new profile?" (new Error("", "(unknown module)"))
1611377473591	Marionette	INFO	Listening on port 64322
1611377473905	Marionette	WARN	TLS certificate errors will be ignored for this session
1611377514633	geckodriver	INFO	Listening on 127.0.0.1:64479
1611377517679	mozrunner::runner	INFO	Running command: "C:\\Program Files\\Mozilla Firefox\\firefox.exe" "--marionette" "-foreground" "-no-remote" "-profile" "C:\\WINDOWS\\TEMP\\rust_mozprofileNwNa3M"
Can't find symbol 'eglSwapBuffersWithDamageEXT'.
Can't find symbol 'eglSetDamageRegionKHR'.
console.warn: SearchSettings: "get: No settings file exists, new profile?" (new Error("", "(unknown module)"))
1611377527481	Marionette	INFO	Listening on port 64491
1611377527566	Marionette	WARN	TLS certificate errors will be ignored for this session

###!!! [Child][MessageChannel] Error: (msgtype=0x5B0005,name=PHttpChannel::Msg_Cancel) Channel closing: too late to send/recv, messages will be lost


###!!! [Child][MessageChannel] Error: (msgtype=0x5B000A,name=PHttpChannel::Msg_DeletingChannel) Channel closing: too late to send/recv, messages will be lost

1611377550951	Marionette	INFO	Stopped listening on port 64491

###!!! [Child][RunMessage] Error: Channel closing: too late to send/recv, messages will be lost

1611377552389	geckodriver	INFO	Listening on 127.0.0.1:64606
1611377555406	mozrunner::runner	INFO	Running command: "C:\\Program Files\\Mozilla Firefox\\firefox.exe" "--marionette" "-foreground" "-no-remote" "-profile" "C:\\WINDOWS\\TEMP\\rust_mozprofileJfhy0A"
Can't find symbol 'eglSwapBuffersWithDamageEXT'.
Can't find symbol 'eglSetDamageRegionKHR'.
console.warn: SearchSettings: "get: No settings file exists, new profile?" (new Error("", "(unknown module)"))
1611377562242	Marionette	INFO	Listening on port 64619
1611377562408	Marionette	WARN	TLS certificate errors will be ignored for this session
1611377654517	geckodriver	INFO	Listening on 127.0.0.1:64937
1611377657550	mozrunner::runner	INFO	Running command: "C:\\Program Files\\Mozilla Firefox\\firefox.exe" "--marionette" "-foreground" "-no-remote" "-profile" "C:\\WINDOWS\\TEMP\\rust_mozprofilel3kFxr"
Can't find symbol 'eglSwapBuffersWithDamageEXT'.
Can't find symbol 'eglSetDamageRegionKHR'.
console.warn: SearchSettings: "get: No settings file exists, new profile?" (new Error("", "(unknown module)"))
1611377664580	Marionette	INFO	Listening on port 64949
1611377665103	Marionette	WARN	TLS certificate errors will be ignored for this session

###!!! [Child][MessageChannel] Error: (msgtype=0x5B0005,name=PHttpChannel::Msg_Cancel) Channel closing: too late to send/recv, messages will be lost


###!!! [Child][MessageChannel] Error: (msgtype=0x5B000A,name=PHttpChannel::Msg_DeletingChannel) Channel closing: too late to send/recv, messages will be lost

1611377703834	Marionette	INFO	Stopped listening on port 64949

###!!! [Child][RunMessage] Error: Channel closing: too late to send/recv, messages will be lost

1611377747009	geckodriver	INFO	Listening on 127.0.0.1:65238
1611377750037	mozrunner::runner	INFO	Running command: "C:\\Program Files\\Mozilla Firefox\\firefox.exe" "--marionette" "-foreground" "-no-remote" "-profile" "C:\\WINDOWS\\TEMP\\rust_mozprofileR0E9q9"
Can't find symbol 'eglSwapBuffersWithDamageEXT'.
Can't find symbol 'eglSetDamageRegionKHR'.
console.warn: SearchSettings: "get: No settings file exists, new profile?" (new Error("", "(unknown module)"))
1611377756090	Marionette	INFO	Listening on port 65252
1611377756483	Marionette	WARN	TLS certificate errors will be ignored for this session
1611377843241	geckodriver	INFO	Listening on 127.0.0.1:49169
1611377846294	mozrunner::runner	INFO	Running command: "C:\\Program Files\\Mozilla Firefox\\firefox.exe" "--marionette" "-foreground" "-no-remote" "-profile" "C:\\WINDOWS\\TEMP\\rust_mozprofileNewnsG"
Can't find symbol 'eglSwapBuffersWithDamageEXT'.
Can't find symbol 'eglSetDamageRegionKHR'.
console.warn: SearchSettings: "get: No settings file exists, new profile?" (new Error("", "(unknown module)"))
1611377852674	Marionette	INFO	Listening on port 49183
1611377852766	Marionette	WARN	TLS certificate errors will be ignored for this session
1611378090133	geckodriver	INFO	Listening on 127.0.0.1:49814
1611378093134	mozrunner::runner	INFO	Running command: "C:\\Program Files\\Mozilla Firefox\\firefox.exe" "--marionette" "-foreground" "-no-remote" "-profile" "C:\\WINDOWS\\TEMP\\rust_mozprofileUTvsNu"
Can't find symbol 'eglSwapBuffersWithDamageEXT'.
Can't find symbol 'eglSetDamageRegionKHR'.
console.warn: SearchSettings: "get: No settings file exists, new profile?" (new Error("", "(unknown module)"))
1611378101978	Marionette	INFO	Listening on port 49825
1611378102109	Marionette	WARN	TLS certificate errors will be ignored for this session
1611378148607	Marionette	INFO	Stopped listening on port 49825

###!!! [Child][RunMessage] Error: Channel closing: too late to send/recv, messages will be lost

1611378796067	geckodriver	INFO	Listening on 127.0.0.1:51301
1611378799106	mozrunner::runner	INFO	Running command: "C:\\Program Files\\Mozilla Firefox\\firefox.exe" "--marionette" "-foreground" "-no-remote" "-profile" "C:\\WINDOWS\\TEMP\\rust_mozprofiletXHLkf"
Can't find symbol 'eglSwapBuffersWithDamageEXT'.
Can't find symbol 'eglSetDamageRegionKHR'.
console.warn: SearchSettings: "get: No settings file exists, new profile?" (new Error("", "(unknown module)"))
1611378807007	Marionette	INFO	Listening on port 51312
1611378807295	Marionette	WARN	TLS certificate errors will be ignored for this session
1611378808721	Marionette	WARN	Ignoring event 'pageshow' because document has an invalid readyState of 'uninitialized'.
1611378901860	geckodriver	INFO	Listening on 127.0.0.1:51562
1611378904882	mozrunner::runner	INFO	Running command: "C:\\Program Files\\Mozilla Firefox\\firefox.exe" "--marionette" "-foreground" "-no-remote" "-profile" "C:\\WINDOWS\\TEMP\\rust_mozprofileuqI8KF"
Can't find symbol 'eglSwapBuffersWithDamageEXT'.
Can't find symbol 'eglSetDamageRegionKHR'.
console.warn: SearchSettings: "get: No settings file exists, new profile?" (new Error("", "(unknown module)"))
1611378911631	Marionette	INFO	Listening on port 51576
1611378911700	Marionette	WARN	TLS certificate errors will be ignored for this session
1611378913152	Marionette	WARN	Ignoring event 'pageshow' because document has an invalid readyState of 'uninitialized'.
1611378973707	geckodriver	INFO	Listening on 127.0.0.1:51771
1611378976736	mozrunner::runner	INFO	Running command: "C:\\Program Files\\Mozilla Firefox\\firefox.exe" "--marionette" "-foreground" "-no-remote" "-profile" "C:\\WINDOWS\\TEMP\\rust_mozprofileCrC3DM"
Can't find symbol 'eglSwapBuffersWithDamageEXT'.
Can't find symbol 'eglSetDamageRegionKHR'.
console.warn: SearchSettings: "get: No settings file exists, new profile?" (new Error("", "(unknown module)"))
1611378982844	Marionette	INFO	Listening on port 51784
1611378983410	Marionette	WARN	TLS certificate errors will be ignored for this session
1611378985022	Marionette	WARN	Ignoring event 'pageshow' because document has an invalid readyState of 'uninitialized'.
1611379095051	geckodriver	INFO	Listening on 127.0.0.1:52060
1611379098080	mozrunner::runner	INFO	Running command: "C:\\Program Files\\Mozilla Firefox\\firefox.exe" "--marionette" "-foreground" "-no-remote" "-profile" "C:\\WINDOWS\\TEMP\\rust_mozprofile0MagDA"
Can't find symbol 'eglSwapBuffersWithDamageEXT'.
Can't find symbol 'eglSetDamageRegionKHR'.
console.warn: SearchSettings: "get: No settings file exists, new profile?" (new Error("", "(unknown module)"))
1611379104744	Marionette	INFO	Listening on port 52072
1611379105141	Marionette	WARN	TLS certificate errors will be ignored for this session
1611379106563	Marionette	WARN	Ignoring event 'pageshow' because document has an invalid readyState of 'uninitialized'.
1611379206997	geckodriver	INFO	Listening on 127.0.0.1:52361
1611379210019	mozrunner::runner	INFO	Running command: "C:\\Program Files\\Mozilla Firefox\\firefox.exe" "--marionette" "-foreground" "-no-remote" "-profile" "C:\\WINDOWS\\TEMP\\rust_mozprofileNfYRCX"
Can't find symbol 'eglSwapBuffersWithDamageEXT'.
Can't find symbol 'eglSetDamageRegionKHR'.
console.warn: SearchSettings: "get: No settings file exists, new profile?" (new Error("", "(unknown module)"))
1611379218674	Marionette	INFO	Listening on port 52374
1611379218904	Marionette	WARN	TLS certificate errors will be ignored for this session
1611379220791	Marionette	WARN	Ignoring event 'pageshow' because document has an invalid readyState of 'uninitialized'.
1611379458190	geckodriver	INFO	Listening on 127.0.0.1:52906
1611379461243	mozrunner::runner	INFO	Running command: "C:\\Program Files\\Mozilla Firefox\\firefox.exe" "--marionette" "-foreground" "-no-remote" "-profile" "C:\\WINDOWS\\TEMP\\rust_mozprofileXrz8wi"
Can't find symbol 'eglSwapBuffersWithDamageEXT'.
Can't find symbol 'eglSetDamageRegionKHR'.
console.warn: SearchSettings: "get: No settings file exists, new profile?" (new Error("", "(unknown module)"))
1611379467439	Marionette	INFO	Listening on port 52920
1611379467656	Marionette	WARN	TLS certificate errors will be ignored for this session
1611379469146	Marionette	WARN	Ignoring event 'pageshow' because document has an invalid readyState of 'uninitialized'.
